2017-09-07 13:26:32   you noticed the answers accepted!
2017-09-07 13:26:33   you noticed the views!
2017-09-07 13:26:34   you noticed the answers accepted!
2017-09-07 13:26:35   you noticed the vote count of the post!
2017-09-07 13:26:36   you noticed the views!
2017-09-07 13:26:38   you noticed the answers accepted!
2017-09-07 13:26:43   you noticed the vote count of the post!
2017-09-07 13:26:47   You clicked a link!
2017-09-07 13:26:47   you noticed the views!
2017-09-07 13:26:50   you noticed the answers accepted!
2017-09-07 13:26:52   You scrolled!
2017-09-07 13:26:55   you noticed the vote count of the post!
2017-09-07 13:26:59   You changed to different page !
2017-09-07 13:27:00   Your mouse over a paragraph!
2017-09-07 13:27:01   You clicked a link!
2017-09-07 13:27:01   you noticed the views!
2017-09-07 13:27:05   you noticed the answers accepted!
2017-09-07 14:08:56   you noticed the answers accepted!
2017-09-07 14:08:57   you noticed the vote count of the post!
2017-09-07 14:08:58   you noticed the answers accepted!
2017-09-07 14:08:58   you noticed the views!
2017-09-07 14:09:00   Your mouse over a paragraph!
2017-09-07 14:09:00   you noticed the vote count of the post!
2017-09-07 14:09:03   you noticed the answers accepted!
2017-09-07 14:09:04   You clicked a link!
2017-09-07 14:09:04   you noticed the views!
2017-09-07 14:09:06   Your mouse over a paragraph!
2017-09-07 14:09:06   you noticed the vote count of the post!
2017-09-07 14:14:45   You closed the page
2017-09-07 14:39:09   you noticed the vote count of the post!
2017-09-07 14:39:10   you noticed the answers accepted!
2017-09-07 14:39:11   you noticed the vote count of the post!
2017-09-07 14:39:11   you noticed the views!
2017-09-07 14:39:16   you noticed the answers accepted!
2017-09-07 14:39:21   you noticed the views!
2017-09-07 14:39:26   Your mouse over a paragraph!
2017-09-07 14:39:30   You scrolled!
2017-09-07 14:39:33   you noticed the answers accepted!
2017-09-07 14:55:55   You closed the page
2017-09-14 00:55:30   you noticed the answers accepted!
2017-09-14 00:55:31   you noticed the views!
2017-09-14 00:55:32   you noticed the answers accepted!
2017-09-14 00:55:33   you noticed the views!
2017-09-14 00:55:45   You selected input text!
2017-09-14 00:55:46   Your mouse over a paragraph!
2017-09-14 00:55:55   You clicked a link!
2017-09-14 00:55:56   You closed the page
2017-09-14 00:55:59   Your mouse over a paragraph!
2017-09-14 00:55:59   You scrolled!
2017-09-14 00:56:02   You clicked a upvote!
2017-09-14 00:56:05   You clicked a downvote!
