2017-09-07 13:30:39   Your mouse over a paragraph!
2017-09-07 13:30:40   you noticed the vote count of the post!
2017-09-07 13:30:43   Your mouse over a paragraph!
2017-09-07 13:30:43   you noticed the vote count of the post!
2017-09-07 13:30:44   Your mouse over a paragraph!
2017-09-07 13:30:44   Your mouse over a paragraph!
2017-09-07 13:30:55   Your mouse over a paragraph!
2017-09-07 13:30:55   you noticed the vote count of the post!
2017-09-07 13:30:56   you noticed the answers accepted!
2017-09-07 13:30:58   Your mouse over a paragraph!
2017-09-07 13:30:59   you noticed the vote count of the post!
2017-09-07 13:31:00   you noticed the answers accepted!
2017-09-07 13:31:03   you noticed the views!
2017-09-07 13:31:06   you noticed the vote count of the post!
2017-09-07 13:31:07   you noticed the answers accepted!
2017-09-07 13:31:10   You scrolled!
2017-09-07 13:31:11   you noticed the views!
2017-09-07 13:31:15   You changed to different page !
2017-09-07 13:31:15   You clicked a link!
2017-09-07 13:31:16   you noticed the vote count of the post!
2017-09-07 13:31:17   you noticed the answers accepted!
2017-09-07 13:31:19   You scrolled!
2017-09-07 13:31:21   You clicked an image!
2017-09-07 13:31:34   You clicked a link!
2017-09-07 13:31:34   You selected input text!
2017-09-07 13:31:35   you noticed the vote count of the post!
2017-09-07 13:31:41   you noticed the vote count of the post!
2017-09-07 13:31:42   you noticed the vote count of the post!
2017-09-07 13:31:45   you noticed the vote count of the post!
2017-09-07 13:31:51   you noticed the answers accepted!
2017-09-07 13:33:01   You double clicked!
2017-09-07 13:33:08   You selected input text!
2017-09-07 13:33:09   You scrolled!
2017-09-07 13:33:10   You scrolled!
2017-09-07 13:33:10   You scrolled!
2017-09-07 13:33:10   You scrolled!
2017-09-07 13:33:10   You scrolled!
2017-09-07 13:33:10   You scrolled!
2017-09-07 13:33:10   You scrolled!
2017-09-07 13:33:10   You scrolled!
2017-09-07 13:33:10   You scrolled!
2017-09-07 13:33:10   You scrolled!
2017-09-07 13:33:10   You scrolled!
2017-09-07 13:33:10   You scrolled!
2017-09-07 13:33:10   You scrolled!
2017-09-07 13:33:10   You scrolled!
2017-09-07 13:33:10   You scrolled!
2017-09-07 13:33:10   You scrolled!
2017-09-07 13:33:10   You scrolled!
2017-09-07 13:33:10   You scrolled!
2017-09-07 13:33:10   You scrolled!
2017-09-07 13:33:11   You scrolled!
2017-09-07 13:33:11   You scrolled!
2017-09-07 13:33:11   You scrolled!
2017-09-07 13:33:11   You scrolled!
2017-09-07 13:33:11   You scrolled!
2017-09-07 13:33:11   You scrolled!
2017-09-07 13:33:11   You scrolled!
2017-09-07 13:33:11   You scrolled!
2017-09-07 13:33:11   You scrolled!
2017-09-07 13:33:11   You scrolled!
2017-09-07 13:33:11   You scrolled!
2017-09-07 13:33:11   You scrolled!
2017-09-07 13:33:11   You scrolled!
2017-09-07 13:33:11   You scrolled!
2017-09-07 13:33:11   You scrolled!
2017-09-07 13:33:11   You scrolled!
2017-09-07 13:33:11   You scrolled!
2017-09-07 13:33:11   You scrolled!
2017-09-07 13:33:12   You scrolled!
2017-09-07 13:33:12   You scrolled!
2017-09-07 13:33:12   You scrolled!
2017-09-07 13:33:12   You scrolled!
2017-09-07 13:33:12   You scrolled!
2017-09-07 13:33:12   You scrolled!
2017-09-07 13:33:12   You scrolled!
2017-09-07 13:33:12   You scrolled!
2017-09-07 13:33:17   You selected text area!
2017-09-07 13:33:17   You selected text area!
2017-09-07 13:33:53   You scrolled!
2017-09-07 13:33:53   You scrolled!
2017-09-07 13:33:53   You scrolled!
2017-09-07 13:33:53   You scrolled!
2017-09-07 13:33:53   You scrolled!
2017-09-07 13:33:53   You scrolled!
2017-09-07 13:33:53   You scrolled!
2017-09-07 13:33:54   You scrolled!
2017-09-07 13:33:54   You scrolled!
2017-09-07 13:33:54   You scrolled!
2017-09-07 13:33:54   You scrolled!
2017-09-07 13:33:54   You scrolled!
2017-09-07 13:33:54   You scrolled!
2017-09-07 13:33:54   You scrolled!
2017-09-07 13:33:54   You scrolled!
2017-09-07 13:33:54   You scrolled!
2017-09-07 13:33:54   You scrolled!
2017-09-07 13:33:54   You scrolled!
2017-09-07 13:33:54   You scrolled!
2017-09-07 13:33:54   You scrolled!
2017-09-07 13:33:54   You scrolled!
2017-09-07 13:33:54   You scrolled!
2017-09-07 13:33:54   You scrolled!
2017-09-07 13:33:54   You scrolled!
2017-09-07 13:33:54   You scrolled!
2017-09-07 13:33:55   You scrolled!
2017-09-07 13:33:55   You scrolled!
2017-09-07 13:33:55   You scrolled!
2017-09-07 13:33:55   You scrolled!
2017-09-07 13:33:55   You scrolled!
2017-09-07 13:33:55   You scrolled!
2017-09-07 13:33:55   You scrolled!
2017-09-07 13:33:55   You scrolled!
2017-09-07 13:33:55   You scrolled!
2017-09-07 13:33:55   You scrolled!
2017-09-07 13:33:55   You scrolled!
2017-09-07 13:33:55   You scrolled!
2017-09-07 13:33:55   You scrolled!
2017-09-07 13:33:55   You scrolled!
2017-09-07 13:33:55   You scrolled!
2017-09-07 13:33:55   You scrolled!
2017-09-07 13:33:55   You scrolled!
2017-09-07 13:33:55   You scrolled!
2017-09-07 13:33:56   You scrolled!
2017-09-07 13:33:56   You scrolled!
2017-09-07 13:33:56   You scrolled!
2017-09-07 13:33:56   Your mouse over a paragraph!
2017-09-07 13:33:56   Your mouse over a paragraph!
2017-09-07 13:33:59   Your mouse over a paragraph!
2017-09-07 13:33:59   Your mouse over a paragraph!
2017-09-07 13:34:00   Your mouse over a paragraph!
2017-09-07 13:34:00   Your mouse over a paragraph!
2017-09-07 13:34:00   Your mouse over a paragraph!
2017-09-07 13:34:03   Your mouse over a paragraph!
2017-09-07 13:34:06   Your mouse over a paragraph!
2017-09-07 13:34:07   Your mouse over a paragraph!
2017-09-07 13:34:08   Your mouse over a paragraph!
2017-09-07 13:34:10   Your mouse over a paragraph!
2017-09-07 13:34:13   You clicked a paragraph!
2017-09-07 13:34:13   You clicked a paragraph!
2017-09-07 13:34:13   You clicked a paragraph!
2017-09-07 13:34:16   You clicked a paragraph!
2017-09-07 13:34:17   Your mouse over a paragraph!
2017-09-07 13:34:19   Your mouse over a paragraph!
2017-09-07 13:34:23   You clicked a paragraph!
2017-09-07 13:34:23   You clicked a paragraph!
2017-09-07 13:34:23   You double clicked!
2017-09-07 13:34:23   You clicked a paragraph!
2017-09-07 13:34:24   You clicked a paragraph!
2017-09-07 13:34:24   You clicked a paragraph!
2017-09-07 13:34:24   You double clicked!
2017-09-07 13:34:24   Your mouse over a paragraph!
2017-09-07 13:34:24   Your mouse over a paragraph!
2017-09-07 13:34:24   You clicked a paragraph!
2017-09-07 13:34:24   You clicked a paragraph!
2017-09-07 13:34:24   You clicked a paragraph!
2017-09-07 13:34:24   Your mouse over a paragraph!
2017-09-07 13:34:24   Your mouse over a paragraph!
2017-09-07 13:34:24   You clicked a paragraph!
2017-09-07 13:34:25   Your mouse over a paragraph!
2017-09-07 13:34:26   Your mouse over a paragraph!
2017-09-07 13:34:26   Your mouse over a paragraph!
2017-09-07 13:34:27   Your mouse over a paragraph!
2017-09-07 13:34:27   Your mouse over a paragraph!
2017-09-07 13:34:27   Your mouse over a paragraph!
2017-09-07 13:34:28   You clicked a paragraph!
2017-09-07 13:34:29   Your mouse over a paragraph!
2017-09-07 13:34:29   Your mouse over a paragraph!
2017-09-07 13:34:30   Your mouse over a paragraph!
2017-09-07 13:34:32   You clicked a link!
2017-09-07 13:34:34   you noticed the vote count of the post!
2017-09-07 13:34:34   you noticed the answers accepted!
2017-09-07 13:34:36   you noticed the views!
2017-09-07 14:39:48   You clicked a link!
2017-09-07 14:39:48   you noticed the views!
2017-09-07 14:39:48   You closed the page
2017-09-07 14:39:53   You clicked a upvote!
2017-09-07 14:39:55   Your mouse over a paragraph!
2017-09-07 14:39:56   You clicked a downvote!
2017-09-07 14:40:04   You clicked to make it favourite!
2017-09-07 14:40:19   you noticed the views!
2017-09-14 00:57:16   You clicked a link!
2017-09-14 00:57:23   Your mouse over a paragraph!
2017-09-14 00:57:23   You scrolled!
2017-09-14 00:57:26   You closed the page
2017-09-14 00:57:36   You scrolled!
2017-09-14 00:57:36   You scrolled!
2017-09-14 00:57:36   You scrolled!
2017-09-14 00:57:36   You scrolled!
2017-09-14 00:57:36   You scrolled!
2017-09-14 00:57:36   You scrolled!
2017-09-14 00:57:36   You scrolled!
2017-09-14 00:57:36   You scrolled!
2017-09-14 00:57:36   You scrolled!
2017-09-14 00:57:36   You scrolled!
2017-09-14 00:57:36   You scrolled!
2017-09-14 00:57:36   You scrolled!
2017-09-14 00:57:37   Your mouse over a paragraph!
2017-09-14 00:57:37   Your mouse over a paragraph!
2017-09-14 00:57:37   Your mouse over a paragraph!
