2017-09-07 13:32:05   you noticed the answers accepted!
2017-09-07 13:32:16   You scrolled!
2017-09-07 13:32:21   You scrolled!
2017-09-07 13:32:21   You scrolled!
2017-09-07 13:32:21   You scrolled!
2017-09-07 13:32:22   You scrolled!
2017-09-07 13:32:22   You scrolled!
2017-09-07 13:32:22   You scrolled!
2017-09-07 13:32:22   You scrolled!
2017-09-07 13:32:22   You scrolled!
2017-09-07 13:32:24   You scrolled!
2017-09-07 13:32:26   You selected text area!
2017-09-07 13:32:27   You scrolled!
2017-09-07 13:32:28   You scrolled!
2017-09-07 13:32:28   You scrolled!
2017-09-07 13:32:29   You scrolled!
2017-09-07 13:32:35   You clicked a link!
2017-09-07 13:32:35   You selected input text!
2017-09-07 13:32:35   Your mouse over a paragraph!
2017-09-07 13:32:35   You selected input text!
2017-09-07 13:32:39   You clicked a paragraph!
2017-09-07 13:34:56   You clicked a paragraph!
2017-09-07 13:34:56   Your mouse over a paragraph!
2017-09-07 13:34:56   Your mouse over a paragraph!
2017-09-07 13:34:57   Your mouse over a paragraph!
2017-09-07 13:35:01   You clicked a link!
2017-09-07 13:35:01   You scrolled!
2017-09-07 13:35:03   You clicked a link!
2017-09-07 13:35:03   You selected input text!
2017-09-07 13:35:04   Your mouse over a paragraph!
2017-09-07 13:35:05   You clicked to make it favourite!
2017-09-07 13:35:08   you noticed the vote count of the post!
2017-09-07 13:35:09   you noticed the answers accepted!
2017-09-07 13:35:09   you noticed the vote count of the post!
2017-09-07 13:35:10   you noticed the vote count of the post!
2017-09-07 13:35:15   you noticed the vote count of the post!
2017-09-07 13:35:16   you noticed the vote count of the post!
2017-09-07 13:35:16   you noticed the answers accepted!
2017-09-07 13:35:17   you noticed the answers accepted!
2017-09-07 13:35:18   you noticed the answers accepted!
2017-09-07 13:35:20   you noticed the answers accepted!
2017-09-07 13:35:22   you noticed the views!
2017-09-07 13:35:23   you noticed the answers accepted!
2017-09-07 13:35:24   you noticed the answers accepted!
2017-09-07 13:35:25   you noticed the views!
2017-09-07 13:35:25   you noticed the views!
2017-09-07 13:35:26   you noticed the answers accepted!
2017-09-07 13:35:28   you noticed the answers accepted!
2017-09-07 13:35:29   you noticed the views!
2017-09-07 13:35:34   you noticed the views!
2017-09-07 13:35:35   you noticed the views!
2017-09-07 13:35:42   you noticed the views!
2017-09-07 13:35:43   you noticed the views!
2017-09-07 13:35:44   you noticed the views!
2017-09-07 13:35:44   you noticed the views!
2017-09-07 13:35:45   you noticed the views!
2017-09-07 13:35:50   You clicked a downvote!
2017-09-07 13:35:52   you noticed the vote count of the post!
2017-09-07 13:35:53   you noticed the vote count of the post!
2017-09-07 13:35:53   you noticed the answers accepted!
2017-09-07 13:35:58   you noticed the answers accepted!
2017-09-07 13:36:05   you noticed the vote count of the post!
2017-09-07 13:36:05   you noticed the vote count of the post!
2017-09-07 13:36:06   You clicked a upvote!
2017-09-07 13:36:06   Your mouse over a paragraph!
2017-09-07 13:36:07   you noticed the vote count of the post!
2017-09-07 13:36:08   you noticed the vote count of the post!
2017-09-07 13:36:09   you noticed the answers accepted!
2017-09-07 13:36:09   you noticed the answers accepted!
2017-09-07 14:34:08   you noticed the views!
2017-09-07 14:34:09   you noticed the answers accepted!
2017-09-07 14:34:11   Your mouse over a paragraph!
2017-09-07 14:34:12   you noticed the vote count of the post!
2017-09-07 14:34:19   you noticed the views!
2017-09-07 14:34:20   you noticed the answers accepted!
2017-09-07 14:34:20   You scrolled!
2017-09-07 14:34:24   Your mouse over a paragraph!
2017-09-07 14:34:25   you noticed the vote count of the post!
2017-09-07 14:34:27   You changed to different page !
2017-09-07 14:34:27   You clicked a link!
2017-09-07 14:34:27   You closed the page
2017-09-07 14:34:37   you noticed the views!
2017-09-07 14:34:38   you noticed the answers accepted!
2017-09-07 14:34:38   You scrolled!
2017-09-07 14:34:45   Your mouse over a paragraph!
2017-09-07 14:34:46   You clicked a downvote!
2017-09-07 14:34:51   you noticed the vote count of the post!
2017-09-07 14:34:53   You clicked to make it favourite!
2017-09-07 14:35:00   you noticed the views!
2017-09-07 14:35:01   you noticed the answers accepted!
2017-09-07 14:35:02   you noticed the answers accepted!
2017-09-07 14:35:04   you noticed the answers accepted!
2017-09-07 14:35:06   you noticed the answers accepted!
2017-09-07 14:35:06   you noticed the answers accepted!
2017-09-07 14:35:06   you noticed the views!
2017-09-07 14:35:07   you noticed the views!
2017-09-07 14:35:10   you noticed the views!
2017-09-07 14:35:10   you noticed the views!
2017-09-07 14:35:10   Your mouse over a paragraph!
2017-09-07 14:35:10   Your mouse over a paragraph!
2017-09-07 14:35:11   Your mouse over a paragraph!
2017-09-07 14:35:13   Your mouse over a paragraph!
2017-09-07 14:35:13   Your mouse over a paragraph!
2017-09-07 14:35:13   You clicked a link!
2017-09-07 14:35:13   Your mouse over a paragraph!
2017-09-07 14:35:14   Your mouse over a paragraph!
2017-09-07 14:35:15   You closed the page
2017-09-07 14:35:16   Your mouse over a paragraph!
2017-09-07 14:35:16   Your mouse over a paragraph!
2017-09-07 14:35:16   Your mouse over a paragraph!
2017-09-07 14:35:17   Your mouse over a paragraph!
2017-09-07 14:35:18   Your mouse over a paragraph!
2017-09-07 14:35:18   Your mouse over a paragraph!
2017-09-07 14:35:21   Your mouse over a paragraph!
2017-09-07 14:35:21   Your mouse over a paragraph!
2017-09-07 14:35:26   You scrolled!
2017-09-07 14:35:26   You scrolled!
2017-09-07 14:35:26   You scrolled!
2017-09-07 14:35:26   You scrolled!
2017-09-07 14:35:26   You scrolled!
2017-09-07 14:35:26   You scrolled!
2017-09-07 14:35:26   You scrolled!
2017-09-07 14:35:26   You scrolled!
2017-09-07 14:35:26   You scrolled!

2017-09-07 14:36:08   You scrolled!
2017-09-07 14:36:08   You scrolled!
2017-09-07 14:36:08   You scrolled!
2017-09-07 14:36:08   You scrolled!
2017-09-07 14:36:08   You scrolled!
2017-09-07 14:36:08   You scrolled!
2017-09-07 14:36:08   You scrolled!
2017-09-07 14:36:08   You scrolled!
2017-09-07 14:36:14   You clicked a link!
2017-09-07 14:36:15   You clicked a link!
2017-09-07 14:36:15   You clicked a downvote!
2017-09-07 14:36:15   You clicked a link!
2017-09-07 14:36:15   You clicked a downvote!
2017-09-07 14:36:15   You clicked a link!
2017-09-07 14:36:15   You clicked a downvote!
2017-09-07 14:36:20   You clicked a link!
2017-09-07 14:36:20   Your mouse over a paragraph!
2017-09-07 14:36:20   You clicked to make it favourite!
2017-09-07 14:36:20   You clicked a link!
2017-09-07 14:36:20   You clicked to make it favourite!
2017-09-07 14:36:20   You clicked a link!
2017-09-07 14:36:20   You clicked to make it favourite!
2017-09-07 14:36:20   You clicked a link!
2017-09-07 14:36:21   Your mouse over a paragraph!
2017-09-07 14:36:22   Your mouse over a paragraph!
2017-09-07 14:36:22   Your mouse over a paragraph!
2017-09-07 14:36:22   Your mouse over a paragraph!
2017-09-07 14:36:24   Your mouse over a paragraph!
2017-09-07 14:36:24   You closed the page
2017-09-14 00:57:53   You clicked a link!
2017-09-14 00:57:53   You clicked to make it favourite!
2017-09-14 00:57:53   You clicked a link!
2017-09-14 00:57:53   You clicked to make it favourite!
2017-09-14 00:57:53   You clicked a link!
2017-09-14 00:57:53   You clicked to make it favourite!
2017-09-14 00:57:53   You clicked a link!
2017-09-14 00:57:53   You clicked to make it favourite!
2017-09-14 00:57:53   You clicked a link!
2017-09-14 00:57:53   You clicked to make it favourite!
2017-09-14 00:57:53   You clicked a link!
2017-09-14 00:58:05   Your mouse over a paragraph!
2017-09-14 00:58:06   Your mouse over a paragraph!
2017-09-14 00:58:11   You clicked a link!
2017-09-14 00:59:14   you noticed the vote count of the post!
2017-09-14 00:59:24   you noticed the vote count of the post!
2017-09-14 00:59:28   you noticed the vote count of the post!
2017-09-14 00:59:47   You clicked a link!
2017-09-14 00:59:47   You closed the page
2017-09-14 01:00:11   You scrolled!
2017-09-14 01:00:11   You scrolled!
2017-09-14 01:00:11   You scrolled!
2017-09-14 01:00:12   You scrolled!
2017-09-14 01:00:12   You scrolled!
2017-09-14 01:00:12   You scrolled!
2017-09-14 01:00:12   You scrolled!
2017-09-14 01:00:12   You scrolled!
2017-09-14 01:00:12   You scrolled!
2017-09-14 01:00:12   You scrolled!
2017-09-14 01:00:12   You scrolled!
2017-09-14 01:00:12   You scrolled!
2017-09-14 01:00:12   You scrolled!
2017-09-14 01:00:12   You scrolled!
2017-09-14 01:00:12   You scrolled!
2017-09-14 01:00:12   You scrolled!
2017-09-14 01:00:12   You scrolled!
2017-09-14 01:00:12   You scrolled!
2017-09-14 01:00:12   You scrolled!
2017-09-14 01:00:22   You clicked a link!
2017-09-14 01:00:22   You closed the page
2017-09-14 01:00:26   You scrolled!
2017-09-14 01:00:26   You scrolled!
2017-09-14 01:00:26   You scrolled!
2017-09-14 01:00:26   You scrolled!
2017-09-14 01:00:26   You scrolled!
2017-09-14 01:00:26   You scrolled!
2017-09-14 01:00:26   You scrolled!
2017-09-14 01:00:27   You scrolled!
2017-09-14 01:00:27   You scrolled!
2017-09-14 01:00:27   You scrolled!
2017-09-14 01:00:27   You scrolled!
2017-09-14 01:00:27   You scrolled!
2017-09-14 01:00:27   You scrolled!
2017-09-14 01:00:27   You scrolled!
2017-09-14 01:00:27   You scrolled!
2017-09-14 01:00:27   You scrolled!
2017-09-14 01:00:27   You scrolled!
2017-09-14 01:00:27   You scrolled!
2017-09-14 01:00:27   You scrolled!
2017-09-14 01:00:27   You scrolled!
2017-09-14 01:00:27   You scrolled!
2017-09-14 01:00:28   You scrolled!
2017-09-14 01:00:28   You scrolled!
2017-09-14 01:00:28   You scrolled!
2017-09-14 01:00:28   You scrolled!
2017-09-14 01:00:28   You scrolled!
2017-09-14 01:00:28   You scrolled!
2017-09-14 01:00:28   You scrolled!
2017-09-14 01:00:28   You scrolled!
2017-09-14 01:00:28   You scrolled!
2017-09-14 01:00:28   You scrolled!
2017-09-14 01:00:28   You scrolled!
2017-09-14 01:00:29   You scrolled!
2017-09-14 01:00:29   You scrolled!
2017-09-14 01:00:29   You scrolled!
2017-09-14 01:00:30   You scrolled!
2017-09-14 01:00:30   You scrolled!
2017-09-14 01:00:30   You scrolled!
2017-09-14 01:00:30   You scrolled!
2017-09-14 01:00:30   You scrolled!
2017-09-14 01:00:30   You scrolled!
2017-09-14 01:00:30   You scrolled!
2017-09-14 01:00:30   You scrolled!
2017-09-14 01:00:30   You scrolled!
2017-09-14 01:00:30   You scrolled!
2017-09-14 01:00:30   You scrolled!
2017-09-14 01:00:30   You scrolled!
2017-09-14 01:00:30   You scrolled!
2017-09-14 01:00:30   You scrolled!
2017-09-14 01:00:30   You scrolled!
2017-09-14 01:00:30   You scrolled!
2017-09-14 01:00:30   You scrolled!
2017-09-14 01:00:31   Your mouse over a paragraph!
2017-09-14 01:00:32   Your mouse over a paragraph!
2017-09-14 01:00:34   Your mouse over a paragraph!
2017-09-14 01:00:35   Your mouse over a paragraph!
2017-09-14 01:00:45   You clicked a link!
2017-09-14 01:00:45   You clicked a link!
2017-09-14 01:00:45   You clicked a upvote!
2017-09-14 01:00:45   You clicked a link!
2017-09-14 01:00:45   You clicked a upvote!
2017-09-14 01:00:54   You clicked a link!
2017-09-14 01:00:55   You clicked a link!
2017-09-14 01:00:55   You clicked a downvote!
2017-09-14 01:00:55   You clicked a link!
2017-09-14 01:00:55   You clicked a downvote!
2017-09-14 01:00:55   You clicked a link!
2017-09-14 01:00:55   You clicked a downvote!
2017-09-14 01:00:55   You clicked a link!
2017-09-14 01:00:55   You clicked a downvote!
2017-09-14 01:00:56   Your mouse over a paragraph!
2017-09-14 01:00:57   Your mouse over a paragraph!
2017-09-14 01:01:03   You closed the page
2017-09-14 01:01:03   You clicked an image!
2017-09-14 01:01:09   You clicked a link!
2017-09-14 01:01:10   Your mouse over a paragraph!
2017-09-14 01:01:12   Your mouse over a paragraph!
2017-09-14 01:01:12   Your mouse over a paragraph!
2017-09-14 01:01:13   Your mouse over a paragraph!
2017-09-14 01:01:25   You closed the page
2017-09-14 01:01:32   You closed the page
2017-09-14 01:01:33   You clicked a link!
2017-09-14 01:01:33   You scrolled!
2017-09-14 01:01:38   You scrolled!
2017-09-14 01:01:38   You scrolled!
2017-09-14 01:01:38   You scrolled!
2017-09-14 01:01:38   You scrolled!
2017-09-14 01:01:38   You scrolled!
2017-09-14 01:01:38   You scrolled!
2017-09-14 01:01:38   You scrolled!
2017-09-14 01:01:38   You scrolled!
2017-09-14 01:01:38   You scrolled!
2017-09-14 01:01:38   You scrolled!
2017-09-14 01:01:38   You scrolled!
2017-09-14 01:01:38   You scrolled!
2017-09-14 01:01:38   You scrolled!
2017-09-14 01:01:38   You scrolled!
2017-09-14 01:01:38   You scrolled!
2017-09-14 01:01:38   You scrolled!
2017-09-14 01:01:39   You scrolled!
2017-09-14 01:01:39   You scrolled!
2017-09-14 01:01:39   You scrolled!
2017-09-14 01:01:53   You clicked a link!
2017-09-14 01:01:53   You closed the page
2017-09-14 01:01:55   You clicked a link!
2017-09-14 01:01:55   You clicked a upvote!
2017-09-14 01:01:56   You clicked a link!
2017-09-14 01:01:56   You clicked a upvote!
2017-09-14 01:01:56   You clicked a link!
2017-09-14 01:01:56   You clicked a upvote!
2017-09-14 01:01:56   You clicked a link!
2017-09-14 01:01:56   You clicked a upvote!
2017-09-14 01:01:56   You clicked a link!
2017-09-14 01:01:56   You clicked a upvote!
2017-09-14 01:01:59   You closed the page
2017-09-14 01:01:59   Your mouse over a paragraph!
2017-09-14 01:02:12   you noticed the views!
2017-09-14 01:02:18   You clicked a upvote!
2017-09-14 01:02:24   Your mouse over a paragraph!
2017-09-14 01:02:29   You clicked a link!
2017-09-14 01:02:29   You closed the page
2017-09-14 01:02:30   Your mouse over a paragraph!
2017-09-14 01:02:31   Your mouse over a paragraph!
2017-09-14 01:02:57   You clicked a link!
2017-09-14 01:02:57   You closed the page
2017-09-14 01:03:04   You clicked a link!
2017-09-14 01:03:04   You closed the page
2017-09-14 01:03:16   you noticed the views!
2017-09-14 01:03:23   You clicked a paragraph!
2017-09-14 01:03:23   You scrolled!
2017-09-14 01:03:23   You scrolled!
2017-09-14 01:03:23   You scrolled!
2017-09-14 01:03:23   You scrolled!
2017-09-14 01:03:24   You scrolled!
2017-09-14 01:03:24   You scrolled!
2017-09-14 01:03:24   You scrolled!
2017-09-14 01:03:24   You scrolled!
2017-09-14 01:03:24   You scrolled!
2017-09-14 01:03:24   You scrolled!
2017-09-14 01:03:24   You scrolled!
2017-09-14 01:03:24   You scrolled!
2017-09-14 01:03:24   You scrolled!
2017-09-14 01:03:24   You scrolled!
2017-09-14 01:03:24   You scrolled!
2017-09-14 01:03:24   You scrolled!
2017-09-14 01:03:37   You clicked a link!
2017-09-14 01:03:38   You closed the page
2017-09-14 01:03:42   Your mouse over a paragraph!
2017-09-14 01:03:43   Your mouse over a paragraph!
2017-09-14 01:03:44   Your mouse over a paragraph!
2017-09-14 01:03:47   Your mouse over a paragraph!
2017-09-14 01:03:53   You clicked a link!
2017-09-14 01:03:53   You clicked a link!
2017-09-14 01:03:53   You clicked a upvote!
2017-09-14 01:03:53   You clicked a link!
2017-09-14 01:03:53   You clicked a upvote!
2017-09-14 01:03:56   You closed the page
2017-09-14 01:03:56   Your mouse over a paragraph!
2017-09-14 01:03:57   Your mouse over a paragraph!
2017-09-14 01:03:57   Your mouse over a paragraph!
2017-09-14 01:03:59   Your mouse over a paragraph!
2017-09-14 01:03:59   Your mouse over a paragraph!
2017-09-14 01:04:10   You clicked a paragraph!
2017-09-14 01:04:10   Your mouse over a paragraph!
2017-09-14 01:04:11   Your mouse over a paragraph!
2017-09-14 01:04:15   You clicked a link!
2017-09-14 01:04:15   You clicked a paragraph!
2017-09-14 01:04:15   You closed the page
2017-09-14 01:04:33   You scrolled!
2017-09-14 01:04:33   You scrolled!
2017-09-14 01:04:33   You scrolled!
2017-09-14 01:04:33   You scrolled!
2017-09-14 01:04:33   You scrolled!
2017-09-14 01:04:33   You scrolled!
2017-09-14 01:04:33   You scrolled!
2017-09-14 01:04:33   You scrolled!
2017-09-14 01:04:33   You scrolled!
2017-09-14 01:04:33   You scrolled!
2017-09-14 01:04:33   You scrolled!
2017-09-14 01:04:33   You closed the page
