2017-09-07 14:09:39   Your mouse over a paragraph!
2017-09-07 14:09:40   Your mouse over a paragraph!
2017-09-07 14:09:40   Your mouse over a paragraph!
2017-09-07 14:09:42   you noticed the answers accepted!
2017-09-07 14:09:43   you noticed the answers accepted!
2017-09-07 14:09:43   you noticed the vote count of the post!
2017-09-07 14:09:43   you noticed the vote count of the post!
2017-09-07 14:09:48   Your mouse over a paragraph!
2017-09-07 14:09:48   Your mouse over a paragraph!
2017-09-07 14:09:56   Your mouse over a paragraph!
2017-09-07 14:19:54   You closed the page
2017-09-07 14:24:59   You closed the page
2017-09-07 14:47:28   Your mouse over a paragraph!
2017-09-07 14:47:29   Your mouse over a paragraph!
2017-09-07 14:47:31   you noticed the answers accepted!
2017-09-07 14:47:31   you noticed the vote count of the post!
2017-09-07 14:47:32   Your mouse over a paragraph!
2017-09-07 14:47:34   you noticed the views!
2017-09-07 14:47:39   you noticed the answers accepted!
2017-09-07 14:47:39   you noticed the vote count of the post!
2017-09-07 14:47:40   You scrolled!
2017-09-07 14:47:40   Your mouse over a paragraph!
2017-09-07 14:47:43   you noticed the views!
2017-09-07 14:47:44   You clicked a link!
2017-09-07 14:47:45   You closed the page
2017-09-07 14:47:48   you noticed the answers accepted!
2017-09-07 14:47:49   you noticed the vote count of the post!
2017-09-07 14:47:49   You scrolled!
2017-09-07 14:47:49   Your mouse over a paragraph!
2017-09-07 14:47:56   you noticed the views!
2017-09-07 14:47:57   You clicked a link!
2017-09-07 14:47:58   You closed the page
2017-09-07 14:48:01   you noticed the answers accepted!
2017-09-07 14:48:01   Your mouse over a paragraph!
2017-09-07 14:48:04   you noticed the vote count of the post!
2017-09-07 14:48:09   You scrolled!
2017-09-07 14:48:11   Your mouse over a paragraph!
2017-09-07 14:48:13   you noticed the vote count of the post!
2017-09-07 14:48:15   you noticed the vote count of the post!
2017-09-07 14:48:19   you noticed the views!
2017-09-07 14:48:20   Your mouse over a paragraph!
2017-09-07 14:48:21   Your mouse over a paragraph!
2017-09-07 14:48:21   Your mouse over a paragraph!
2017-09-07 14:48:22   Your mouse over a paragraph!
2017-09-07 14:48:22   Your mouse over a paragraph!
2017-09-07 14:48:23   Your mouse over a paragraph!
2017-09-07 14:48:23   Your mouse over a paragraph!
2017-09-07 14:48:24   You scrolled!
2017-09-07 14:48:24   You scrolled!
2017-09-07 14:48:24   You scrolled!
2017-09-07 14:48:24   You scrolled!
2017-09-07 14:48:24   You scrolled!
2017-09-07 14:48:25   You scrolled!
2017-09-07 14:48:25   You scrolled!
2017-09-07 14:48:25   You scrolled!
2017-09-07 14:48:25   You scrolled!
2017-09-07 14:48:25   You scrolled!
2017-09-07 14:48:25   You scrolled!
2017-09-07 14:48:25   You scrolled!
2017-09-07 14:48:25   You scrolled!
2017-09-07 14:48:25   You scrolled!
2017-09-07 14:48:25   You scrolled!
2017-09-07 14:48:25   You scrolled!
2017-09-07 14:48:25   You scrolled!
2017-09-07 14:48:25   You scrolled!
2017-09-07 14:48:25   You scrolled!
2017-09-07 14:48:26   You scrolled!
2017-09-07 14:48:26   You scrolled!
2017-09-07 14:48:43   You scrolled!
2017-09-07 14:48:43   You scrolled!
2017-09-07 14:48:43   You scrolled!
2017-09-07 14:48:43   You scrolled!
2017-09-07 14:48:43   You scrolled!
2017-09-07 14:48:43   You scrolled!
2017-09-07 14:48:43   You scrolled!
2017-09-07 14:48:44   You scrolled!
2017-09-07 14:48:44   You scrolled!
2017-09-07 14:48:44   You scrolled!
2017-09-07 14:48:44   You scrolled!
2017-09-07 14:48:44   You scrolled!
2017-09-07 14:48:44   You scrolled!
2017-09-07 14:48:44   You scrolled!
2017-09-07 14:48:44   You scrolled!
2017-09-07 14:48:44   You scrolled!
2017-09-07 14:48:44   You scrolled!
2017-09-07 14:48:44   You scrolled!
2017-09-07 14:48:44   You scrolled!
2017-09-07 14:48:44   You scrolled!
2017-09-07 14:48:44   You scrolled!
2017-09-07 14:48:45   You scrolled!
2017-09-07 14:48:45   You scrolled!
2017-09-07 14:48:45   You scrolled!
2017-09-07 14:48:45   You scrolled!
2017-09-07 14:48:45   You scrolled!
2017-09-07 14:48:45   You scrolled!
2017-09-07 14:48:45   You scrolled!
2017-09-07 14:48:45   You scrolled!
2017-09-07 14:48:45   You scrolled!
2017-09-07 14:48:45   You scrolled!
2017-09-07 14:48:45   You scrolled!
2017-09-07 14:48:45   You scrolled!
2017-09-07 14:48:45   You scrolled!
2017-09-07 14:48:45   You scrolled!
2017-09-07 14:48:46   You clicked a link!
2017-09-07 14:48:46   You scrolled!
2017-09-07 14:48:46   You closed the page
2017-09-07 14:48:46   You scrolled!
2017-09-07 14:48:46   You scrolled!
2017-09-07 14:48:46   You scrolled!
2017-09-07 14:48:46   You scrolled!
2017-09-07 14:48:46   You scrolled!
2017-09-07 14:48:46   You scrolled!
2017-09-07 14:48:46   You scrolled!
2017-09-07 14:48:46   You scrolled!
2017-09-07 14:48:46   You scrolled!
2017-09-07 14:48:46   You scrolled!
2017-09-07 14:48:46   You scrolled!
2017-09-07 14:48:46   You scrolled!
2017-09-07 14:48:46   You scrolled!
2017-09-07 14:48:46   You scrolled!
2017-09-07 14:48:47   You scrolled!
2017-09-07 14:48:47   You scrolled!
2017-09-07 14:48:47   You scrolled!
2017-09-07 14:48:47   You scrolled!
2017-09-07 14:48:47   You scrolled!
2017-09-07 14:48:47   You scrolled!
2017-09-07 14:48:47   You scrolled!
2017-09-07 14:48:47   You scrolled!
2017-09-07 14:48:47   You scrolled!
2017-09-07 14:48:47   You scrolled!
2017-09-07 14:48:47   You scrolled!
2017-09-07 14:48:47   You scrolled!
2017-09-07 14:48:47   You scrolled!
2017-09-07 14:48:47   You scrolled!
2017-09-07 14:48:47   You scrolled!
2017-09-07 14:48:47   You scrolled!
2017-09-07 14:48:47   You scrolled!
2017-09-07 14:48:48   You scrolled!
2017-09-07 14:48:48   You scrolled!
2017-09-07 14:48:48   You scrolled!
2017-09-07 14:48:48   You scrolled!
2017-09-07 14:48:48   You scrolled!
2017-09-07 14:48:48   You scrolled!
2017-09-07 14:48:48   You scrolled!
2017-09-07 14:48:48   You scrolled!
2017-09-07 14:48:48   You scrolled!
2017-09-07 14:48:48   You scrolled!
2017-09-07 14:48:48   You scrolled!
2017-09-07 14:48:48   You scrolled!
2017-09-07 14:48:49   You scrolled!
2017-09-07 14:48:49   You scrolled!
2017-09-07 14:48:49   You scrolled!
2017-09-07 14:48:49   You scrolled!
2017-09-07 14:48:49   You scrolled!
2017-09-07 14:48:49   You scrolled!
2017-09-07 14:48:49   You scrolled!
2017-09-07 14:48:49   You scrolled!
2017-09-07 14:48:50   You scrolled!
2017-09-07 14:48:50   You scrolled!
2017-09-07 14:48:50   You scrolled!
2017-09-07 14:48:50   You scrolled!
2017-09-07 14:48:50   You scrolled!
2017-09-07 14:48:50   You scrolled!
2017-09-07 14:48:50   You scrolled!
2017-09-07 14:48:50   You scrolled!
2017-09-07 14:48:51   You scrolled!
2017-09-07 14:49:12   you noticed the vote count of the post!
2017-09-07 14:49:16   You scrolled!
2017-09-07 14:49:19   You scrolled!
2017-09-07 14:49:19   You scrolled!
2017-09-07 14:49:19   You scrolled!
2017-09-07 14:49:20   You scrolled!
2017-09-07 14:49:20   You scrolled!
2017-09-07 14:49:20   You scrolled!
2017-09-07 14:49:20   You scrolled!
2017-09-07 14:49:20   You scrolled!
2017-09-07 14:49:20   You scrolled!
2017-09-07 14:49:20   You scrolled!
2017-09-07 14:49:20   You scrolled!
2017-09-07 14:49:20   You scrolled!
2017-09-07 14:49:20   You scrolled!
2017-09-07 14:49:20   You scrolled!
2017-09-07 14:49:20   You scrolled!
2017-09-07 14:49:20   You scrolled!
2017-09-07 14:49:20   You scrolled!
2017-09-07 14:49:20   You scrolled!
2017-09-07 14:49:20   You scrolled!
2017-09-07 14:49:20   You scrolled!
2017-09-07 14:49:20   You scrolled!
2017-09-07 14:49:21   You scrolled!
2017-09-07 14:49:21   You scrolled!
2017-09-07 14:49:21   You scrolled!
2017-09-07 14:49:21   You scrolled!
2017-09-07 14:49:21   You scrolled!
2017-09-07 14:49:21   You scrolled!
2017-09-07 14:49:21   You scrolled!
2017-09-07 14:49:21   You scrolled!
2017-09-07 14:49:21   You scrolled!
2017-09-07 14:49:21   You scrolled!
2017-09-07 14:49:25   you noticed the vote count of the post!
2017-09-07 14:49:37   You scrolled!
2017-09-07 14:49:37   You scrolled!
2017-09-07 14:49:37   You scrolled!
2017-09-07 14:49:37   You scrolled!
2017-09-07 14:49:37   You scrolled!
2017-09-07 14:49:37   You scrolled!
2017-09-07 14:49:37   You scrolled!
2017-09-07 14:49:37   You scrolled!
2017-09-07 14:49:37   You scrolled!
2017-09-07 14:49:37   You scrolled!
2017-09-07 14:49:37   You scrolled!
2017-09-07 14:49:37   You scrolled!
2017-09-07 14:49:37   You scrolled!
2017-09-07 14:49:37   You scrolled!
2017-09-07 14:49:38   You scrolled!
2017-09-07 14:49:38   You scrolled!
2017-09-07 14:49:38   You scrolled!
2017-09-07 14:49:38   You scrolled!
2017-09-07 14:49:38   You scrolled!
2017-09-07 14:49:38   You scrolled!
2017-09-07 14:49:38   You scrolled!
2017-09-07 14:49:38   You scrolled!
2017-09-07 14:49:38   You scrolled!
2017-09-07 14:49:38   You scrolled!
2017-09-07 14:49:38   You scrolled!
2017-09-07 14:49:38   You scrolled!
2017-09-07 14:49:38   You scrolled!
2017-09-07 14:49:38   You scrolled!
2017-09-07 14:49:38   You scrolled!
2017-09-07 14:49:38   You scrolled!
2017-09-07 14:49:38   You scrolled!
2017-09-07 14:49:39   You scrolled!
2017-09-07 14:49:39   You scrolled!
2017-09-07 14:49:39   You scrolled!
2017-09-07 14:49:39   You scrolled!
2017-09-07 14:49:39   You scrolled!
2017-09-07 14:49:39   You scrolled!
2017-09-07 14:49:39   You scrolled!
2017-09-07 14:49:39   You scrolled!
2017-09-07 14:49:39   You scrolled!
2017-09-07 14:49:39   You scrolled!
2017-09-07 14:49:39   You scrolled!
2017-09-07 14:49:39   You scrolled!
2017-09-07 14:49:39   You scrolled!
2017-09-07 14:49:39   You scrolled!
2017-09-07 14:49:39   You scrolled!
2017-09-07 14:49:39   You scrolled!
2017-09-07 14:49:39   You scrolled!
2017-09-07 14:49:39   You scrolled!
2017-09-07 14:49:40   You scrolled!
2017-09-07 14:49:40   You scrolled!
2017-09-07 14:49:40   You scrolled!
2017-09-07 14:49:40   You scrolled!
2017-09-07 14:49:40   You scrolled!
2017-09-07 14:49:40   You scrolled!
2017-09-07 14:49:40   You scrolled!
2017-09-07 14:49:40   You scrolled!
2017-09-07 14:49:40   You scrolled!
2017-09-07 14:49:40   You scrolled!
2017-09-07 14:49:40   You scrolled!
2017-09-07 14:49:40   You scrolled!
2017-09-07 14:49:40   You scrolled!
2017-09-07 14:49:40   You scrolled!
2017-09-07 14:49:40   You scrolled!
2017-09-07 14:49:40   You scrolled!
2017-09-07 14:49:40   You scrolled!
2017-09-07 14:49:41   You scrolled!
2017-09-07 14:49:41   You scrolled!
2017-09-07 14:49:41   You scrolled!
2017-09-07 14:49:41   You scrolled!
2017-09-07 14:49:41   You scrolled!
2017-09-07 14:49:41   You scrolled!
2017-09-07 14:49:41   You scrolled!
2017-09-07 14:49:41   You scrolled!
2017-09-07 14:49:42   You scrolled!
2017-09-07 14:49:42   You scrolled!
2017-09-07 14:49:42   You scrolled!
2017-09-07 14:49:42   You scrolled!
2017-09-07 14:49:42   You scrolled!
2017-09-07 14:49:42   You scrolled!
2017-09-07 14:49:42   You scrolled!
2017-09-07 14:49:42   You scrolled!
2017-09-07 14:49:42   You scrolled!
2017-09-07 14:49:43   You scrolled!
2017-09-07 14:49:43   You scrolled!
2017-09-07 14:49:43   You scrolled!
2017-09-07 14:49:43   You scrolled!
2017-09-07 14:49:43   You scrolled!
2017-09-07 14:49:43   You scrolled!
2017-09-07 14:49:43   You scrolled!
2017-09-07 14:49:43   You scrolled!
2017-09-07 14:49:44   You scrolled!
2017-09-07 14:49:44   You scrolled!
2017-09-07 14:49:44   You scrolled!
2017-09-07 14:49:44   You scrolled!
2017-09-07 14:49:44   You scrolled!
2017-09-07 14:49:44   You scrolled!
2017-09-07 14:49:44   You scrolled!
2017-09-07 14:49:44   Your mouse over a paragraph!
2017-09-07 14:49:48   You clicked a link!
2017-09-07 14:49:48   You closed the page
2017-09-07 14:49:49   You clicked a link!
2017-09-07 14:49:49   You closed the page
2017-09-07 14:49:49   You scrolled!
2017-09-07 14:49:50   You scrolled!
2017-09-07 14:49:50   You scrolled!
2017-09-07 14:49:50   You scrolled!
2017-09-07 14:49:50   You scrolled!
2017-09-07 14:49:50   You scrolled!
2017-09-07 14:49:50   You scrolled!
2017-09-07 14:49:50   You scrolled!
2017-09-07 14:49:50   You scrolled!
2017-09-07 14:49:50   You scrolled!
2017-09-07 14:49:50   You scrolled!
2017-09-07 14:49:50   You scrolled!
2017-09-07 14:49:50   You scrolled!
2017-09-07 14:49:50   You scrolled!
2017-09-07 14:49:50   You scrolled!
2017-09-07 14:49:50   You scrolled!
2017-09-07 14:49:50   You scrolled!
2017-09-07 14:49:50   You scrolled!
2017-09-07 14:49:50   You scrolled!
2017-09-07 14:49:51   You scrolled!
2017-09-07 14:49:51   You scrolled!
2017-09-07 14:49:51   You scrolled!
2017-09-07 14:49:51   You scrolled!
2017-09-07 14:49:51   You scrolled!
2017-09-07 14:49:51   You scrolled!
2017-09-07 14:49:51   You scrolled!
2017-09-07 14:49:51   You scrolled!
2017-09-07 14:49:52   You scrolled!
2017-09-07 14:49:52   You scrolled!
2017-09-07 14:49:52   You scrolled!
2017-09-07 14:49:52   You scrolled!
2017-09-07 14:49:52   You scrolled!
2017-09-07 14:49:52   You scrolled!
2017-09-07 14:49:52   You scrolled!
2017-09-07 14:49:52   You scrolled!
2017-09-07 14:49:53   You scrolled!
2017-09-07 14:49:53   You scrolled!
2017-09-07 14:49:53   You scrolled!
2017-09-07 14:49:53   You scrolled!
2017-09-07 14:49:53   You scrolled!
2017-09-07 14:49:53   You scrolled!
2017-09-07 14:49:53   You scrolled!
2017-09-07 14:49:53   You scrolled!
2017-09-07 14:49:53   You scrolled!
2017-09-07 14:49:53   You scrolled!
2017-09-07 14:49:58   You selected input text!
2017-09-07 14:49:59   You scrolled!
2017-09-07 14:49:59   You scrolled!
2017-09-07 14:49:59   You scrolled!
2017-09-07 14:49:59   You scrolled!
2017-09-07 14:49:59   You scrolled!
2017-09-07 14:49:59   You scrolled!
2017-09-07 14:49:59   You scrolled!
2017-09-07 14:49:59   You scrolled!
2017-09-07 14:50:00   You scrolled!
2017-09-07 14:50:00   You scrolled!
2017-09-07 14:50:10   You clicked a link!
2017-09-07 14:50:10   You clicked a link!
2017-09-07 14:50:11   You clicked a link!
2017-09-07 14:50:11   You closed the page
2017-09-07 14:50:22   Your mouse over a paragraph!
2017-09-07 14:50:23   You clicked a link!
2017-09-07 14:50:23   You closed the page
2017-09-07 14:50:26   You closed the page
2017-09-14 00:58:34   You closed the page
2017-09-14 00:58:35   Your mouse over a paragraph!
2017-09-14 00:58:37   Your mouse over a paragraph!
2017-09-14 00:58:45   You clicked a upvote!
2017-09-14 00:58:45   You clicked a link!
2017-09-14 00:58:45   You closed the page
2017-09-14 00:58:46   You clicked a downvote!
2017-09-14 00:58:46   Your mouse over a paragraph!
2017-09-14 00:58:47   Your mouse over a paragraph!
2017-09-14 00:58:47   Your mouse over a paragraph!
2017-09-14 00:58:50   Your mouse over a paragraph!
